--- Starting Morning Briefings: Tue Feb 24 07:00:01 CET 2026 ---
Triggering tibor...
{"ok":true,"tenant":"tibor"}Triggering liz...
Internal Server Error--- Starting Morning Briefings: Wed Feb 25 07:00:01 CET 2026 ---
Triggering tibor...
Internal Server ErrorTriggering liz...
Internal Server Error--- Starting Morning Briefings: Thu Feb 26 07:00:01 CET 2026 ---
Triggering tibor...
Internal Server ErrorTriggering liz...
Internal Server Error--- Starting Morning Briefings: Fri Feb 27 07:00:01 CET 2026 ---
Triggering tibor...
Triggering liz...
--- Starting Morning Briefings: Sat Feb 28 07:00:01 CET 2026 ---
Triggering tibor...
{"detail":"Not Found"}Triggering liz...
{"detail":"Not Found"}--- Starting Morning Briefings: Sun Mar  1 07:00:01 CET 2026 ---
Triggering tibor...
{"detail":"Not Found"}Triggering liz...
{"detail":"Not Found"}--- Starting Morning Briefings: Mon Mar  2 07:00:01 CET 2026 ---
Triggering tibor...
{"detail":"Not Found"}Triggering liz...
{"detail":"Not Found"}--- Starting Morning Briefings: Tue Mar  3 07:00:01 CET 2026 ---
Triggering tibor...
{"detail":"Not Found"}Triggering liz...
{"detail":"Not Found"}